app/build/intermediates/manifest_merge_blame_file/debug/manifest-merger-blame-debug-report.txt
1<?xml version="1.0" encoding="utf-8"?>
2<manifest xmlns:android="http://schemas.android.com/apk/res/android"
3    package="com.healthcare.helper"
4    android:versionCode="1"
5    android:versionName="1.0" >
6
7    <uses-sdk
8        android:minSdkVersion="21"
8-->src/main/AndroidManifest.xml
9        android:targetSdkVersion="30" />
9-->src/main/AndroidManifest.xml
10
11    <application
11-->src/main/AndroidManifest.xml:6:5-62:19
12        android:name="application.ApplicationClass"
12-->src/main/AndroidManifest.xml:7:9-52
13        android:allowBackup="true"
13-->src/main/AndroidManifest.xml:8:9-35
14        android:appComponentFactory="androidx.core.app.CoreComponentFactory"
14-->[androidx.core:core:1.3.2] AndroidManifest.xml:24:18-86
15        android:debuggable="true"
16        android:icon="@mipmap/ic_launcher_bk"
16-->src/main/AndroidManifest.xml:9:9-46
17        android:label="@string/app_name"
17-->src/main/AndroidManifest.xml:10:9-41
18        android:roundIcon="@mipmap/ic_launcher_round_bk"
18-->src/main/AndroidManifest.xml:11:9-57
19        android:supportsRtl="true"
19-->src/main/AndroidManifest.xml:12:9-35
20        android:testOnly="true"
21        android:theme="@style/Theme.MiniHealthcareHelper" >
21-->src/main/AndroidManifest.xml:13:9-58
22        <activity
22-->src/main/AndroidManifest.xml:15:9-22:20
23            android:name="com.healthcare.helper.SplashScreenActivity"
23-->src/main/AndroidManifest.xml:16:13-70
24            android:theme="@style/SplashScreenTheme" >
24-->src/main/AndroidManifest.xml:17:13-53
25            <intent-filter>
25-->src/main/AndroidManifest.xml:18:13-21:29
26                <action android:name="android.intent.action.MAIN" />
26-->src/main/AndroidManifest.xml:19:17-69
26-->src/main/AndroidManifest.xml:19:25-66
27
28                <category android:name="android.intent.category.LAUNCHER" />
28-->src/main/AndroidManifest.xml:20:17-77
28-->src/main/AndroidManifest.xml:20:27-74
29            </intent-filter>
30        </activity>
31        <activity
31-->src/main/AndroidManifest.xml:23:9-26:58
32            android:name="patient.PatientLoginSignUpActivity"
32-->src/main/AndroidManifest.xml:24:13-62
33            android:theme="@style/PatientLoginSignUpTheme"
33-->src/main/AndroidManifest.xml:25:13-59
34            android:windowSoftInputMode="adjustResize" />
34-->src/main/AndroidManifest.xml:26:13-55
35
36        <!-- Patient search Activity Starts Here -->
37        <activity android:name="patient.PatientSearchResultActivity" >
37-->src/main/AndroidManifest.xml:29:9-33:20
37-->src/main/AndroidManifest.xml:29:19-69
38            <intent-filter>
38-->src/main/AndroidManifest.xml:30:13-32:29
39                <action android:name="android.intent.action.SEARCH" />
39-->src/main/AndroidManifest.xml:31:17-71
39-->src/main/AndroidManifest.xml:31:25-68
40            </intent-filter>
41        </activity>
42        <activity android:name="patient.PatientMainActivity" >
42-->src/main/AndroidManifest.xml:34:9-38:20
42-->src/main/AndroidManifest.xml:34:19-61
43            <meta-data
43-->src/main/AndroidManifest.xml:35:13-37:54
44                android:name="android.app.searchable"
44-->src/main/AndroidManifest.xml:36:17-54
45                android:resource="@xml/searchable" />
45-->src/main/AndroidManifest.xml:37:17-51
46        </activity> <!-- Patient search Activity Ends Here -->
47        <activity android:name="SampleTestingProject.Sample.Sample1" />
47-->src/main/AndroidManifest.xml:39:9-72
47-->src/main/AndroidManifest.xml:39:19-69
48        <activity
48-->src/main/AndroidManifest.xml:40:9-46:20
49            android:name="SampleTestingProject.Constraintlayout3"
49-->src/main/AndroidManifest.xml:41:13-66
50            android:parentActivityName="SampleTestingProject.Constraintlayout2" >
50-->src/main/AndroidManifest.xml:42:13-80
51            <meta-data
51-->src/main/AndroidManifest.xml:43:13-45:74
52                android:name="android.support.PARENT_PARENT_ACTIVITY"
52-->src/main/AndroidManifest.xml:44:17-70
53                android:value="SampleTestingProject.Constraintlayout2" />
53-->src/main/AndroidManifest.xml:45:17-71
54        </activity>
55        <activity android:name="SampleTestingProject.Constraintlayout2" />
55-->src/main/AndroidManifest.xml:47:9-75
55-->src/main/AndroidManifest.xml:47:19-72
56        <activity android:name="SampleTestingProject.ConstraintLayoutActivity" />
56-->src/main/AndroidManifest.xml:48:9-82
56-->src/main/AndroidManifest.xml:48:19-79
57        <activity android:name="patient.PatientAppointmentHistoryActivity" />
57-->src/main/AndroidManifest.xml:49:9-78
57-->src/main/AndroidManifest.xml:49:19-75
58        <activity android:name="patient.PatientBookAppointmentActivity" />
58-->src/main/AndroidManifest.xml:50:9-75
58-->src/main/AndroidManifest.xml:50:19-72
59        <activity android:name="doctor.DoctorProfileActivity" />
59-->src/main/AndroidManifest.xml:51:9-65
59-->src/main/AndroidManifest.xml:51:19-62
60        <activity
60-->src/main/AndroidManifest.xml:52:9-55:58
61            android:name="doctorPatientCommon.DoctorLoginActivity"
61-->src/main/AndroidManifest.xml:53:13-67
62            android:theme="@style/DoctorLoginTheme"
62-->src/main/AndroidManifest.xml:54:13-52
63            android:windowSoftInputMode="adjustResize" />
63-->src/main/AndroidManifest.xml:55:13-55
64        <activity
64-->src/main/AndroidManifest.xml:56:9-59:58
65            android:name="admin.RegisterRoleActivity"
65-->src/main/AndroidManifest.xml:57:13-54
66            android:parentActivityName="admin.ChooseRoleActivity"
66-->src/main/AndroidManifest.xml:58:13-66
67            android:windowSoftInputMode="adjustResize" />
67-->src/main/AndroidManifest.xml:59:13-55
68        <activity android:name="admin.ChooseRoleActivity" />
68-->src/main/AndroidManifest.xml:60:9-61
68-->src/main/AndroidManifest.xml:60:19-58
69        <activity android:name="com.healthcare.helper.MainActivity" />
69-->src/main/AndroidManifest.xml:61:9-71
69-->src/main/AndroidManifest.xml:61:19-68
70
71        <service
71-->[androidx.room:room-runtime:2.3.0] AndroidManifest.xml:25:9-28:40
72            android:name="androidx.room.MultiInstanceInvalidationService"
72-->[androidx.room:room-runtime:2.3.0] AndroidManifest.xml:26:13-74
73            android:directBootAware="true"
73-->[androidx.room:room-runtime:2.3.0] AndroidManifest.xml:27:13-43
74            android:exported="false" />
74-->[androidx.room:room-runtime:2.3.0] AndroidManifest.xml:28:13-37
75    </application>
76
77</manifest>